# JRE version: OpenJDK Runtime Environment (8.0_242-b01) (build 1.8.0_242-release-1644-b01)
# Java VM: OpenJDK 64-Bit Server VM (25.242-b01 mixed mode windows-amd64 compressed oops)
Heap:
 PSYoungGen      total 155136K, used 59991K [0x00000000d5580000, 0x00000000e0e00000, 0x0000000100000000)
  eden space 132608K, 28% used [0x00000000d5580000,0x00000000d7a1aea0,0x00000000dd700000)
  from space 22528K, 99% used [0x00000000de780000,0x00000000dfd7af18,0x00000000dfd80000)
  to   space 16896K, 0% used [0x00000000dfd80000,0x00000000dfd80000,0x00000000e0e00000)
 ParOldGen       total 94208K, used 47242K [0x0000000080000000, 0x0000000085c00000, 0x00000000d5580000)
  object space 94208K, 50% used [0x0000000080000000,0x0000000082e22ab0,0x0000000085c00000)
 Metaspace       used 84013K, capacity 88242K, committed 88344K, reserved 1126400K
  class space    used 11143K, capacity 11961K, committed 12056K, reserved 1048576K
GC Heap History (10 events):
Event: 10.694 GC heap before
{Heap before GC invocations=18 (full 3):
 PSYoungGen      total 138240K, used 12240K [0x00000000d5580000, 0x00000000e0680000, 0x0000000100000000)
  eden space 122880K, 0% used [0x00000000d5580000,0x00000000d5580000,0x00000000dcd80000)
  from space 15360K, 79% used [0x00000000dcd80000,0x00000000dd9741d0,0x00000000ddc80000)
  to   space 16384K, 0% used [0x00000000df680000,0x00000000df680000,0x00000000e0680000)
 ParOldGen       total 52736K, used 30192K [0x0000000080000000, 0x0000000083380000, 0x00000000d5580000)
  object space 52736K, 57% used [0x0000000080000000,0x0000000081d7c140,0x0000000083380000)
 Metaspace       used 56918K, capacity 59054K, committed 59160K, reserved 1099776K
  class space    used 7629K, capacity 8121K, committed 8216K, reserved 1048576K
Event: 10.933 GC heap after
Heap after GC invocations=18 (full 3):
 PSYoungGen      total 138240K, used 0K [0x00000000d5580000, 0x00000000e0680000, 0x0000000100000000)
  eden space 122880K, 0% used [0x00000000d5580000,0x00000000d5580000,0x00000000dcd80000)
  from space 15360K, 0% used [0x00000000dcd80000,0x00000000dcd80000,0x00000000ddc80000)
  to   space 16384K, 0% used [0x00000000df680000,0x00000000df680000,0x00000000e0680000)
 ParOldGen       total 94208K, used 34995K [0x0000000080000000, 0x0000000085c00000, 0x00000000d5580000)
  object space 94208K, 37% used [0x0000000080000000,0x000000008222ccc0,0x0000000085c00000)
 Metaspace       used 56848K, capacity 58846K, committed 59160K, reserved 1099776K
  class space    used 7610K, capacity 8093K, committed 8216K, reserved 1048576K
}
Event: 12.706 GC heap before
{Heap before GC invocations=19 (full 3):
 PSYoungGen      total 138240K, used 122880K [0x00000000d5580000, 0x00000000e0680000, 0x0000000100000000)
  eden space 122880K, 100% used [0x00000000d5580000,0x00000000dcd80000,0x00000000dcd80000)
  from space 15360K, 0% used [0x00000000dcd80000,0x00000000dcd80000,0x00000000ddc80000)
  to   space 16384K, 0% used [0x00000000df680000,0x00000000df680000,0x00000000e0680000)
 ParOldGen       total 94208K, used 34995K [0x0000000080000000, 0x0000000085c00000, 0x00000000d5580000)
  object space 94208K, 37% used [0x0000000080000000,0x000000008222ccc0,0x0000000085c00000)
 Metaspace       used 62716K, capacity 64934K, committed 65048K, reserved 1105920K
  class space    used 8498K, capacity 8960K, committed 8984K, reserved 1048576K
Event: 12.720 GC heap after
Heap after GC invocations=19 (full 3):
 PSYoungGen      total 152576K, used 9372K [0x00000000d5580000, 0x00000000e0080000, 0x0000000100000000)
  eden space 142336K, 0% used [0x00000000d5580000,0x00000000d5580000,0x00000000de080000)
  from space 10240K, 91% used [0x00000000df680000,0x00000000dffa7168,0x00000000e0080000)
  to   space 16384K, 0% used [0x00000000de080000,0x00000000de080000,0x00000000df080000)
 ParOldGen       total 94208K, used 35003K [0x0000000080000000, 0x0000000085c00000, 0x00000000d5580000)
  object space 94208K, 37% used [0x0000000080000000,0x000000008222ecc0,0x0000000085c00000)
 Metaspace       used 62716K, capacity 64934K, committed 65048K, reserved 1105920K
  class space    used 8498K, capacity 8960K, committed 8984K, reserved 1048576K
}
Event: 14.863 GC heap before
{Heap before GC invocations=20 (full 3):
 PSYoungGen      total 152576K, used 151708K [0x00000000d5580000, 0x00000000e0080000, 0x0000000100000000)
  eden space 142336K, 100% used [0x00000000d5580000,0x00000000de080000,0x00000000de080000)
  from space 10240K, 91% used [0x00000000df680000,0x00000000dffa7168,0x00000000e0080000)
  to   space 16384K, 0% used [0x00000000de080000,0x00000000de080000,0x00000000df080000)
 ParOldGen       total 94208K, used 35003K [0x0000000080000000, 0x0000000085c00000, 0x00000000d5580000)
  object space 94208K, 37% used [0x0000000080000000,0x000000008222ecc0,0x0000000085c00000)
 Metaspace       used 70283K, capacity 73522K, committed 73752K, reserved 1112064K
  class space    used 9661K, capacity 10258K, committed 10264K, reserved 1048576K
Event: 14.877 GC heap after
Heap after GC invocations=20 (full 3):
 PSYoungGen      total 158720K, used 16379K [0x00000000d5580000, 0x00000000e1400000, 0x0000000100000000)
  eden space 142336K, 0% used [0x00000000d5580000,0x00000000d5580000,0x00000000de080000)
  from space 16384K, 99% used [0x00000000de080000,0x00000000df07efc8,0x00000000df080000)
  to   space 19456K, 0% used [0x00000000e0100000,0x00000000e0100000,0x00000000e1400000)
 ParOldGen       total 94208K, used 36560K [0x0000000080000000, 0x0000000085c00000, 0x00000000d5580000)
  object space 94208K, 38% used [0x0000000080000000,0x00000000823b4180,0x0000000085c00000)
 Metaspace       used 70283K, capacity 73522K, committed 73752K, reserved 1112064K
  class space    used 9661K, capacity 10258K, committed 10264K, reserved 1048576K
}
Event: 4372.156 GC heap before
{Heap before GC invocations=21 (full 3):
 PSYoungGen      total 158720K, used 158713K [0x00000000d5580000, 0x00000000e1400000, 0x0000000100000000)
  eden space 142336K, 99% used [0x00000000d5580000,0x00000000de07f7a8,0x00000000de080000)
  from space 16384K, 99% used [0x00000000de080000,0x00000000df07efc8,0x00000000df080000)
  to   space 19456K, 0% used [0x00000000e0100000,0x00000000e0100000,0x00000000e1400000)
 ParOldGen       total 94208K, used 36560K [0x0000000080000000, 0x0000000085c00000, 0x00000000d5580000)
  object space 94208K, 38% used [0x0000000080000000,0x00000000823b4180,0x0000000085c00000)
 Metaspace       used 79016K, capacity 82718K, committed 82968K, reserved 1120256K
  class space    used 10517K, capacity 11227K, committed 11288K, reserved 1048576K
Event: 4372.532 GC heap after
Heap after GC invocations=21 (full 3):
 PSYoungGen      total 156160K, used 18596K [0x00000000d5580000, 0x00000000e1380000, 0x0000000100000000)
  eden space 137216K, 0% used [0x00000000d5580000,0x00000000d5580000,0x00000000ddb80000)
  from space 18944K, 98% used [0x00000000e0100000,0x00000000e1329208,0x00000000e1380000)
  to   space 22528K, 0% used [0x00000000de780000,0x00000000de780000,0x00000000dfd80000)
 ParOldGen       total 94208K, used 42192K [0x0000000080000000, 0x0000000085c00000, 0x00000000d5580000)
  object space 94208K, 44% used [0x0000000080000000,0x0000000082934310,0x0000000085c00000)
 Metaspace       used 79016K, capacity 82718K, committed 82968K, reserved 1120256K
  class space    used 10517K, capacity 11227K, committed 11288K, reserved 1048576K
}
Event: 5761.613 GC heap before
{Heap before GC invocations=22 (full 3):
 PSYoungGen      total 156160K, used 155812K [0x00000000d5580000, 0x00000000e1380000, 0x0000000100000000)
  eden space 137216K, 100% used [0x00000000d5580000,0x00000000ddb80000,0x00000000ddb80000)
  from space 18944K, 98% used [0x00000000e0100000,0x00000000e1329208,0x00000000e1380000)
  to   space 22528K, 0% used [0x00000000de780000,0x00000000de780000,0x00000000dfd80000)
 ParOldGen       total 94208K, used 42192K [0x0000000080000000, 0x0000000085c00000, 0x00000000d5580000)
  object space 94208K, 44% used [0x0000000080000000,0x0000000082934310,0x0000000085c00000)
 Metaspace       used 82524K, capacity 86572K, committed 86808K, reserved 1124352K
  class space    used 10951K, capacity 11798K, committed 11800K, reserved 1048576K
Event: 5761.827 GC heap after
Heap after GC invocations=22 (full 3):
 PSYoungGen      total 155136K, used 22507K [0x00000000d5580000, 0x00000000e0e00000, 0x0000000100000000)
  eden space 132608K, 0% used [0x00000000d5580000,0x00000000d5580000,0x00000000dd700000)
  from space 22528K, 99% used [0x00000000de780000,0x00000000dfd7af18,0x00000000dfd80000)
  to   space 16896K, 0% used [0x00000000dfd80000,0x00000000dfd80000,0x00000000e0e00000)
 ParOldGen       total 94208K, used 47242K [0x0000000080000000, 0x0000000085c00000, 0x00000000d5580000)
  object space 94208K, 50% used [0x0000000080000000,0x0000000082e22ab0,0x0000000085c00000)
 Metaspace       used 82524K, capacity 86572K, committed 86808K, reserved 1124352K
  class space    used 10951K, capacity 11798K, committed 11800K, reserved 1048576K
}

